{
  "RSpec": {
    "coverage": {
      "/Users/simonjacobs/Documents/Programming/Bank-tech-test/spec/account_spec.rb": {
        "lines": [
          null,
          null,
          1,
          null,
          1,
          4,
          1,
          1,
          1,
          null,
          1,
          1,
          4,
          null,
          null,
          null,
          1,
          1,
          2,
          null,
          null,
          1,
          2,
          null,
          null,
          null
        ]
      },
      "/Users/simonjacobs/Documents/Programming/Bank-tech-test/lib/account.rb": {
        "lines": [
          1,
          1,
          null,
          1,
          1,
          null,
          1,
          3,
          null,
          null,
          1,
          1,
          1,
          null,
          null,
          1,
          2,
          1,
          0,
          null,
          null,
          1,
          1,
          1,
          1,
          null,
          null,
          1,
          3,
          null,
          null
        ]
      },
      "/Users/simonjacobs/Documents/Programming/Bank-tech-test/lib/transaction.rb": {
        "lines": [
          1,
          1,
          null,
          1,
          1,
          null,
          1,
          1,
          1,
          null,
          null
        ]
      },
      "/Users/simonjacobs/Documents/Programming/Bank-tech-test/lib/statement.rb": {
        "lines": [
          1,
          null,
          1,
          1,
          0,
          0,
          0,
          null,
          null,
          null,
          1,
          0,
          null,
          null,
          1,
          0,
          0,
          0,
          0,
          null,
          null,
          1,
          0,
          null,
          null
        ]
      },
      "/Users/simonjacobs/Documents/Programming/Bank-tech-test/spec/statement_spec.rb": {
        "lines": [
          null,
          null,
          1,
          null,
          1,
          1,
          1,
          1,
          null,
          1,
          1,
          1,
          null,
          null,
          1,
          1,
          0,
          null,
          null,
          null,
          null,
          null,
          null,
          1,
          1,
          1,
          0,
          null,
          null,
          null
        ]
      }
    },
    "timestamp": 1641563418
  }
}
