{
  "RSpec": {
    "coverage": {
      "/Users/simonjacobs/Documents/Programming/Bank-tech-test/spec/account_spec.rb": {
        "lines": [
          null,
          null,
          1,
          null,
          1,
          7,
          2,
          3,
          2,
          null,
          1,
          1,
          null,
          null,
          1,
          1,
          4,
          null,
          null,
          1,
          1,
          1,
          1,
          null,
          null,
          null,
          1,
          1,
          1,
          1,
          1,
          null,
          null,
          1,
          2,
          null,
          null,
          1,
          2,
          null,
          null,
          null
        ]
      },
      "/Users/simonjacobs/Documents/Programming/Bank-tech-test/lib/account.rb": {
        "lines": [
          null,
          null,
          1,
          1,
          null,
          null,
          1,
          1,
          null,
          1,
          8,
          8,
          null,
          null,
          1,
          7,
          7,
          7,
          null,
          null,
          1,
          4,
          3,
          null,
          2,
          2,
          null,
          null,
          1,
          1,
          null,
          null,
          1,
          11,
          null,
          null
        ]
      },
      "/Users/simonjacobs/Documents/Programming/Bank-tech-test/lib/transaction.rb": {
        "lines": [
          null,
          null,
          1,
          1,
          null,
          null,
          1,
          1,
          null,
          1,
          9,
          9,
          9,
          9,
          null,
          null
        ]
      },
      "/Users/simonjacobs/Documents/Programming/Bank-tech-test/lib/statement.rb": {
        "lines": [
          null,
          null,
          1,
          1,
          null,
          null,
          1,
          1,
          null,
          1,
          8,
          null,
          null,
          1,
          9,
          null,
          null,
          1,
          1,
          1,
          3,
          null,
          null,
          null,
          1,
          3,
          null,
          null
        ]
      },
      "/Users/simonjacobs/Documents/Programming/Bank-tech-test/spec/statement_spec.rb": {
        "lines": [
          null,
          null,
          1,
          null,
          1,
          1,
          1,
          null,
          null,
          1,
          1,
          1,
          null,
          null,
          null,
          1,
          1,
          1,
          1,
          1,
          1,
          null,
          null,
          1,
          1,
          1,
          null,
          null,
          null,
          null,
          null
        ]
      }
    },
    "timestamp": 1641398167
  }
}
